Command line invocation:
    /Applications/Xcode.app/Contents/Developer/usr/bin/xcodebuild -workspace MyBhoomi.xcworkspace -scheme MyBhoomi -destination "platform=iOS Simulator,name=iPhone 16,OS=latest" build

Resolve Package Graph


Resolved source packages:
  MapLibreSwiftUI: https://github.com/maplibre/swiftui-dsl @ main (0412563)
  swift-syntax: https://github.com/swiftlang/swift-syntax.git @ 602.0.0
  MapLibre Native: https://github.com/maplibre/maplibre-gl-native-distribution @ 6.24.0

ComputePackagePrebuildTargetDependencyGraph

Prepare packages

CreateBuildRequest

SendProjectDescription

CreateBuildOperation

ComputeTargetDependencyGraph
/Users/uday/Library/Developer/Xcode/DerivedData/MyBhoomi-fzhgqsbggnrwztfkvjlnfxmfgenu/SourcePackages/checkouts/swiftui-dsl/Package.swift:PACKAGE-TARGET:MapLibreSwiftMacrosImpl: error: Macro “MapLibreSwiftMacrosImpl” from package “MapLibreSwiftUI” was changed since a previous approval and must be enabled before it can be used
note: Building targets in dependency order
note: Target dependency graph (15 targets)
    Target 'MyBhoomi' in project 'MyBhoomi'
        ➜ Implicit dependency on target 'Pods-MyBhoomi' in project 'Pods' via file 'Pods_MyBhoomi.framework' in build phase 'Link Binary'
        ➜ Implicit dependency on target 'Google-Mobile-Ads-SDK' in project 'Pods' via options '-framework Google_Mobile_Ads_SDK' in build setting 'OTHER_LDFLAGS'
        ➜ Explicit dependency on target 'MapLibreSwiftMacros' in project 'MapLibreSwiftUI'
        ➜ Explicit dependency on target 'MapLibreSwiftDSL' in project 'MapLibreSwiftUI'
        ➜ Explicit dependency on target 'MapLibreSwiftUI' in project 'MapLibreSwiftUI'
        ➜ Explicit dependency on target 'MapLibre' in project 'MapLibre Native'
    Target 'MapLibreSwiftUI' in project 'MapLibreSwiftUI'
        ➜ Explicit dependency on target 'MapLibreSwiftUI' in project 'MapLibreSwiftUI'
        ➜ Explicit dependency on target 'InternalUtils' in project 'MapLibreSwiftUI'
        ➜ Explicit dependency on target 'MapLibreSwiftMacrosImpl' in project 'MapLibreSwiftUI'
        ➜ Explicit dependency on target 'MapLibreSwiftMacros' in project 'MapLibreSwiftUI'
        ➜ Explicit dependency on target 'MapLibreSwiftDSL' in project 'MapLibreSwiftUI'
        ➜ Explicit dependency on target 'MapLibre' in project 'MapLibre Native'
    Target 'MapLibreSwiftUI' in project 'MapLibreSwiftUI'
        ➜ Explicit dependency on target 'InternalUtils' in project 'MapLibreSwiftUI'
        ➜ Explicit dependency on target 'MapLibreSwiftMacrosImpl' in project 'MapLibreSwiftUI'
        ➜ Explicit dependency on target 'MapLibreSwiftMacros' in project 'MapLibreSwiftUI'
        ➜ Explicit dependency on target 'MapLibreSwiftDSL' in project 'MapLibreSwiftUI'
        ➜ Explicit dependency on target 'MapLibre' in project 'MapLibre Native'
    Target 'MapLibreSwiftDSL' in project 'MapLibreSwiftUI'
        ➜ Explicit dependency on target 'MapLibreSwiftDSL' in project 'MapLibreSwiftUI'
        ➜ Explicit dependency on target 'InternalUtils' in project 'MapLibreSwiftUI'
        ➜ Explicit dependency on target 'MapLibreSwiftMacrosImpl' in project 'MapLibreSwiftUI'
        ➜ Explicit dependency on target 'MapLibreSwiftMacros' in project 'MapLibreSwiftUI'
        ➜ Explicit dependency on target 'MapLibre' in project 'MapLibre Native'
    Target 'MapLibreSwiftDSL' in project 'MapLibreSwiftUI'
        ➜ Explicit dependency on target 'InternalUtils' in project 'MapLibreSwiftUI'
        ➜ Explicit dependency on target 'MapLibreSwiftMacrosImpl' in project 'MapLibreSwiftUI'
        ➜ Explicit dependency on target 'MapLibreSwiftMacros' in project 'MapLibreSwiftUI'
        ➜ Explicit dependency on target 'MapLibre' in project 'MapLibre Native'
    Target 'InternalUtils' in project 'MapLibreSwiftUI'
        ➜ Explicit dependency on target 'MapLibre' in project 'MapLibre Native'
    Target 'MapLibre' in project 'MapLibre Native' (no dependencies)
    Target 'MapLibreSwiftMacros' in project 'MapLibreSwiftUI'
        ➜ Explicit dependency on target 'MapLibreSwiftMacros' in project 'MapLibreSwiftUI'
        ➜ Explicit dependency on target 'MapLibreSwiftMacrosImpl' in project 'MapLibreSwiftUI'
    Target 'MapLibreSwiftMacros' in project 'MapLibreSwiftUI'
        ➜ Explicit dependency on target 'MapLibreSwiftMacrosImpl' in project 'MapLibreSwiftUI'
    Target 'MapLibreSwiftMacrosImpl' in project 'MapLibreSwiftUI' (no dependencies)
    Target 'Pods-MyBhoomi' in project 'Pods'
        ➜ Explicit dependency on target 'Google-Mobile-Ads-SDK' in project 'Pods'
        ➜ Explicit dependency on target 'GoogleUserMessagingPlatform' in project 'Pods'
    Target 'Google-Mobile-Ads-SDK' in project 'Pods'
        ➜ Explicit dependency on target 'Google-Mobile-Ads-SDK-GoogleMobileAdsResources' in project 'Pods'
        ➜ Explicit dependency on target 'GoogleUserMessagingPlatform' in project 'Pods'
    Target 'GoogleUserMessagingPlatform' in project 'Pods'
        ➜ Explicit dependency on target 'GoogleUserMessagingPlatform-UserMessagingPlatformResources' in project 'Pods'
    Target 'GoogleUserMessagingPlatform-UserMessagingPlatformResources' in project 'Pods' (no dependencies)
    Target 'Google-Mobile-Ads-SDK-GoogleMobileAdsResources' in project 'Pods' (no dependencies)

** BUILD FAILED **


The following build commands failed:
	ComputeTargetDependencyGraph
	Building workspace MyBhoomi with scheme MyBhoomi
(2 failures)
